[INFO] Scanning for projects...
[INFO] 
[INFO] ---------------------< com.tarot:tarot-card-draw >----------------------
[INFO] Building tarot-card-draw 1.0.0
[INFO]   from pom.xml
[INFO] --------------------------------[ jar ]---------------------------------
[INFO] 
[INFO] >>> spring-boot:3.2.5:run (default-cli) > test-compile @ tarot-card-draw >>>
[INFO] 
[INFO] --- resources:3.3.1:resources (default-resources) @ tarot-card-draw ---
[INFO] Copying 0 resource from src\main\resources to target\classes
[INFO] Copying 3 resources from src\main\resources to target\classes
[INFO] 
[INFO] --- compiler:3.11.0:compile (default-compile) @ tarot-card-draw ---
[INFO] Nothing to compile - all classes are up to date
[INFO] 
[INFO] --- resources:3.3.1:testResources (default-testResources) @ tarot-card-draw ---
[INFO] skip non existing resourceDirectory C:\Users\xuxu3\Documents\ËţÂŢĹĆĎîÄż\src\test\resources
[INFO] 
[INFO] --- compiler:3.11.0:testCompile (default-testCompile) @ tarot-card-draw ---
[INFO] No sources to compile
[INFO] 
[INFO] <<< spring-boot:3.2.5:run (default-cli) < test-compile @ tarot-card-draw <<<
[INFO] 
[INFO] 
[INFO] --- spring-boot:3.2.5:run (default-cli) @ tarot-card-draw ---
[INFO] Attaching agents: []

  .   ____          _            __ _ _
 /\\ / ___'_ __ _ _(_)_ __  __ _ \ \ \ \
( ( )\___ | '_ | '_| | '_ \/ _` | \ \ \ \
 \\/  ___)| |_)| | | | | || (_| |  ) ) ) )
  '  |____| .__|_| |_|_| |_\__, | / / / /
 =========|_|==============|___/=/_/_/_/
 :: Spring Boot ::                (v3.2.5)

2026-06-10T03:34:22.264+08:00  INFO 2148 --- [           main] com.tarot.TarotApplication               : Starting TarotApplication using Java 17.0.19 with PID 2148 (C:\Users\xuxu3\Documents\ËţÂŢĹĆĎîÄż\target\classes started by xuxu3 in C:\Users\xuxu3\Documents\ËţÂŢĹĆĎîÄż)
2026-06-10T03:34:22.270+08:00  INFO 2148 --- [           main] com.tarot.TarotApplication               : No active profile set, falling back to 1 default profile: "default"
2026-06-10T03:34:23.316+08:00  INFO 2148 --- [           main] o.s.b.w.embedded.tomcat.TomcatWebServer  : Tomcat initialized with port 8080 (http)
2026-06-10T03:34:23.334+08:00  INFO 2148 --- [           main] o.apache.catalina.core.StandardService   : Starting service [Tomcat]
2026-06-10T03:34:23.335+08:00  INFO 2148 --- [           main] o.apache.catalina.core.StandardEngine    : Starting Servlet engine: [Apache Tomcat/10.1.20]
2026-06-10T03:34:23.399+08:00  INFO 2148 --- [           main] o.a.c.c.C.[Tomcat].[localhost].[/]       : Initializing Spring embedded WebApplicationContext
2026-06-10T03:34:23.401+08:00  INFO 2148 --- [           main] w.s.c.ServletWebServerApplicationContext : Root WebApplicationContext: initialization completed in 1071 ms
2026-06-10T03:34:23.509+08:00  INFO 2148 --- [           main] o.s.b.a.w.s.WelcomePageHandlerMapping    : Adding welcome page template: index
2026-06-10T03:34:23.769+08:00  WARN 2148 --- [           main] ConfigServletWebServerApplicationContext : Exception encountered during context initialization - cancelling refresh attempt: org.springframework.context.ApplicationContextException: Failed to start bean 'webServerStartStop'
2026-06-10T03:34:23.790+08:00  INFO 2148 --- [           main] .s.b.a.l.ConditionEvaluationReportLogger : 

Error starting ApplicationContext. To display the condition evaluation report re-run your application with 'debug' enabled.
2026-06-10T03:34:23.806+08:00 ERROR 2148 --- [           main] o.s.b.d.LoggingFailureAnalysisReporter   : 

***************************
APPLICATION FAILED TO START
***************************

Description:

Web server failed to start. Port 8080 was already in use.

Action:

Identify and stop the process that's listening on port 8080 or configure this application to listen on another port.

[INFO] ------------------------------------------------------------------------
[INFO] BUILD FAILURE
[INFO] ------------------------------------------------------------------------
[INFO] Total time:  4.299 s
[INFO] Finished at: 2026-06-10T03:34:23+08:00
[INFO] ------------------------------------------------------------------------
[ERROR] Failed to execute goal org.springframework.boot:spring-boot-maven-plugin:3.2.5:run (default-cli) on project tarot-card-draw: Process terminated with exit code: 1 -> [Help 1]
[ERROR] 
[ERROR] To see the full stack trace of the errors, re-run Maven with the -e switch.
[ERROR] Re-run Maven using the -X switch to enable full debug logging.
[ERROR] 
[ERROR] For more information about the errors and possible solutions, please read the following articles:
[ERROR] [Help 1] http://cwiki.apache.org/confluence/display/MAVEN/MojoExecutionException
